# JRE version: OpenJDK Runtime Environment (11.0.2+9) (build 11.0.2+9)
# Java VM: OpenJDK 64-Bit Server VM (11.0.2+9, mixed mode, tiered, compressed oops, g1 gc, windows-amd64)
Heap:
 garbage-first heap   total 451584K, used 233685K [0x0000000740000000, 0x0000000800000000)
  region size 1024K, 10 young (10240K), 2 survivors (2048K)
 Metaspace       used 110576K, capacity 111762K, committed 116508K, reserved 1148928K
  class space    used 14953K, capacity 15461K, committed 17100K, reserved 1048576K
GC Heap History (10 events):
Event: 7282.631 GC heap before
{Heap before GC invocations=1125 (full 159):
 garbage-first heap   total 451584K, used 285524K [0x0000000740000000, 0x0000000800000000)
  region size 1024K, 60 young (61440K), 2 survivors (2048K)
 Metaspace       used 110571K, capacity 111762K, committed 116508K, reserved 1148928K
  class space    used 14953K, capacity 15461K, committed 17100K, reserved 1048576K
}
Event: 7282.633 GC heap after
{Heap after GC invocations=1126 (full 159):
 garbage-first heap   total 451584K, used 226173K [0x0000000740000000, 0x0000000800000000)
  region size 1024K, 2 young (2048K), 2 survivors (2048K)
 Metaspace       used 110571K, capacity 111762K, committed 116508K, reserved 1148928K
  class space    used 14953K, capacity 15461K, committed 17100K, reserved 1048576K
}
Event: 7309.830 GC heap before
{Heap before GC invocations=1126 (full 159):
 garbage-first heap   total 451584K, used 285565K [0x0000000740000000, 0x0000000800000000)
  region size 1024K, 60 young (61440K), 2 survivors (2048K)
 Metaspace       used 110571K, capacity 111762K, committed 116508K, reserved 1148928K
  class space    used 14953K, capacity 15461K, committed 17100K, reserved 1048576K
}
Event: 7309.833 GC heap after
{Heap after GC invocations=1127 (full 159):
 garbage-first heap   total 451584K, used 226193K [0x0000000740000000, 0x0000000800000000)
  region size 1024K, 2 young (2048K), 2 survivors (2048K)
 Metaspace       used 110571K, capacity 111762K, committed 116508K, reserved 1148928K
  class space    used 14953K, capacity 15461K, committed 17100K, reserved 1048576K
}
Event: 7334.567 GC heap before
{Heap before GC invocations=1127 (full 159):
 garbage-first heap   total 451584K, used 285585K [0x0000000740000000, 0x0000000800000000)
  region size 1024K, 60 young (61440K), 2 survivors (2048K)
 Metaspace       used 110571K, capacity 111762K, committed 116508K, reserved 1148928K
  class space    used 14953K, capacity 15461K, committed 17100K, reserved 1048576K
}
Event: 7334.569 GC heap after
{Heap after GC invocations=1128 (full 159):
 garbage-first heap   total 451584K, used 226238K [0x0000000740000000, 0x0000000800000000)
  region size 1024K, 2 young (2048K), 2 survivors (2048K)
 Metaspace       used 110571K, capacity 111762K, committed 116508K, reserved 1148928K
  class space    used 14953K, capacity 15461K, committed 17100K, reserved 1048576K
}
Event: 7335.364 GC heap before
{Heap before GC invocations=1128 (full 159):
 garbage-first heap   total 451584K, used 285630K [0x0000000740000000, 0x0000000800000000)
  region size 1024K, 60 young (61440K), 2 survivors (2048K)
 Metaspace       used 110571K, capacity 111762K, committed 116508K, reserved 1148928K
  class space    used 14953K, capacity 15461K, committed 17100K, reserved 1048576K
}
Event: 7335.366 GC heap after
{Heap after GC invocations=1129 (full 159):
 garbage-first heap   total 451584K, used 226283K [0x0000000740000000, 0x0000000800000000)
  region size 1024K, 2 young (2048K), 2 survivors (2048K)
 Metaspace       used 110571K, capacity 111762K, committed 116508K, reserved 1148928K
  class space    used 14953K, capacity 15461K, committed 17100K, reserved 1048576K
}
Event: 7338.683 GC heap before
{Heap before GC invocations=1129 (full 159):
 garbage-first heap   total 451584K, used 285675K [0x0000000740000000, 0x0000000800000000)
  region size 1024K, 60 young (61440K), 2 survivors (2048K)
 Metaspace       used 110576K, capacity 111762K, committed 116508K, reserved 1148928K
  class space    used 14953K, capacity 15461K, committed 17100K, reserved 1048576K
}
Event: 7338.687 GC heap after
{Heap after GC invocations=1130 (full 159):
 garbage-first heap   total 451584K, used 226517K [0x0000000740000000, 0x0000000800000000)
  region size 1024K, 2 young (2048K), 2 survivors (2048K)
 Metaspace       used 110576K, capacity 111762K, committed 116508K, reserved 1148928K
  class space    used 14953K, capacity 15461K, committed 17100K, reserved 1048576K
}

