# JRE version: OpenJDK Runtime Environment (11.0.2+9) (build 11.0.2+9)
# Java VM: OpenJDK 64-Bit Server VM (11.0.2+9, mixed mode, tiered, compressed oops, g1 gc, windows-amd64)
Heap:
 garbage-first heap   total 321536K, used 127468K [0x0000000740000000, 0x0000000800000000)
  region size 1024K, 33 young (33792K), 1 survivors (1024K)
 Metaspace       used 98281K, capacity 101113K, committed 101200K, reserved 1136640K
  class space    used 13483K, capacity 14783K, committed 14848K, reserved 1048576K
GC Heap History (10 events):
Event: 1775.292 GC heap before
{Heap before GC invocations=379 (full 95):
 garbage-first heap   total 321536K, used 156271K [0x0000000740000000, 0x0000000800000000)
  region size 1024K, 60 young (61440K), 0 survivors (0K)
 Metaspace       used 98264K, capacity 101113K, committed 101200K, reserved 1136640K
  class space    used 13483K, capacity 14783K, committed 14848K, reserved 1048576K
}
Event: 1775.295 GC heap after
{Heap after GC invocations=380 (full 95):
 garbage-first heap   total 321536K, used 95468K [0x0000000740000000, 0x0000000800000000)
  region size 1024K, 1 young (1024K), 1 survivors (1024K)
 Metaspace       used 98264K, capacity 101113K, committed 101200K, reserved 1136640K
  class space    used 13483K, capacity 14783K, committed 14848K, reserved 1048576K
}
Event: 1778.292 GC heap before
{Heap before GC invocations=380 (full 95):
 garbage-first heap   total 321536K, used 155884K [0x0000000740000000, 0x0000000800000000)
  region size 1024K, 60 young (61440K), 1 survivors (1024K)
 Metaspace       used 98268K, capacity 101113K, committed 101200K, reserved 1136640K
  class space    used 13483K, capacity 14783K, committed 14848K, reserved 1048576K
}
Event: 1778.295 GC heap after
{Heap after GC invocations=381 (full 95):
 garbage-first heap   total 321536K, used 95437K [0x0000000740000000, 0x0000000800000000)
  region size 1024K, 1 young (1024K), 1 survivors (1024K)
 Metaspace       used 98268K, capacity 101113K, committed 101200K, reserved 1136640K
  class space    used 13483K, capacity 14783K, committed 14848K, reserved 1048576K
}
Event: 1779.594 GC heap before
{Heap before GC invocations=381 (full 95):
 garbage-first heap   total 321536K, used 135373K [0x0000000740000000, 0x0000000800000000)
  region size 1024K, 41 young (41984K), 1 survivors (1024K)
 Metaspace       used 98271K, capacity 101113K, committed 101200K, reserved 1136640K
  class space    used 13483K, capacity 14783K, committed 14848K, reserved 1048576K
}
Event: 1779.705 GC heap after
{Heap after GC invocations=382 (full 96):
 garbage-first heap   total 321536K, used 94966K [0x0000000740000000, 0x0000000800000000)
  region size 1024K, 0 young (0K), 0 survivors (0K)
 Metaspace       used 98271K, capacity 101113K, committed 101200K, reserved 1136640K
  class space    used 13483K, capacity 14783K, committed 14848K, reserved 1048576K
}
Event: 1781.691 GC heap before
{Heap before GC invocations=382 (full 96):
 garbage-first heap   total 321536K, used 156406K [0x0000000740000000, 0x0000000800000000)
  region size 1024K, 60 young (61440K), 0 survivors (0K)
 Metaspace       used 98277K, capacity 101113K, committed 101200K, reserved 1136640K
  class space    used 13483K, capacity 14783K, committed 14848K, reserved 1048576K
}
Event: 1781.694 GC heap after
{Heap after GC invocations=383 (full 96):
 garbage-first heap   total 321536K, used 95502K [0x0000000740000000, 0x0000000800000000)
  region size 1024K, 1 young (1024K), 1 survivors (1024K)
 Metaspace       used 98277K, capacity 101113K, committed 101200K, reserved 1136640K
  class space    used 13483K, capacity 14783K, committed 14848K, reserved 1048576K
}
Event: 1784.493 GC heap before
{Heap before GC invocations=383 (full 96):
 garbage-first heap   total 321536K, used 155918K [0x0000000740000000, 0x0000000800000000)
  region size 1024K, 60 young (61440K), 1 survivors (1024K)
 Metaspace       used 98279K, capacity 101113K, committed 101200K, reserved 1136640K
  class space    used 13483K, capacity 14783K, committed 14848K, reserved 1048576K
}
Event: 1784.496 GC heap after
{Heap after GC invocations=384 (full 96):
 garbage-first heap   total 321536K, used 95724K [0x0000000740000000, 0x0000000800000000)
  region size 1024K, 1 young (1024K), 1 survivors (1024K)
 Metaspace       used 98279K, capacity 101113K, committed 101200K, reserved 1136640K
  class space    used 13483K, capacity 14783K, committed 14848K, reserved 1048576K
}

