# JRE version: OpenJDK Runtime Environment (11.0.2+9) (build 11.0.2+9)
# Java VM: OpenJDK 64-Bit Server VM (11.0.2+9, mixed mode, tiered, compressed oops, g1 gc, windows-amd64)
Heap:
 garbage-first heap   total 254976K, used 171198K [0x0000000740000000, 0x0000000800000000)
  region size 1024K, 42 young (43008K), 2 survivors (2048K)
 Metaspace       used 95840K, capacity 97028K, committed 100380K, reserved 1136640K
  class space    used 12519K, capacity 13018K, committed 14284K, reserved 1048576K
GC Heap History (10 events):
Event: 53848.141 GC heap before
{Heap before GC invocations=765 (full 157):
 garbage-first heap   total 254976K, used 163371K [0x0000000740000000, 0x0000000800000000)
  region size 1024K, 47 young (48128K), 2 survivors (2048K)
 Metaspace       used 95830K, capacity 97028K, committed 100380K, reserved 1136640K
  class space    used 12518K, capacity 13018K, committed 14284K, reserved 1048576K
}
Event: 53848.144 GC heap after
{Heap after GC invocations=766 (full 157):
 garbage-first heap   total 254976K, used 118531K [0x0000000740000000, 0x0000000800000000)
  region size 1024K, 2 young (2048K), 2 survivors (2048K)
 Metaspace       used 95830K, capacity 97028K, committed 100380K, reserved 1136640K
  class space    used 12518K, capacity 13018K, committed 14284K, reserved 1048576K
}
Event: 53851.409 GC heap before
{Heap before GC invocations=767 (full 157):
 garbage-first heap   total 254976K, used 145155K [0x0000000740000000, 0x0000000800000000)
  region size 1024K, 29 young (29696K), 2 survivors (2048K)
 Metaspace       used 95830K, capacity 97028K, committed 100380K, reserved 1136640K
  class space    used 12518K, capacity 13018K, committed 14284K, reserved 1048576K
}
Event: 53851.412 GC heap after
{Heap after GC invocations=768 (full 157):
 garbage-first heap   total 254976K, used 118785K [0x0000000740000000, 0x0000000800000000)
  region size 1024K, 2 young (2048K), 2 survivors (2048K)
 Metaspace       used 95830K, capacity 97028K, committed 100380K, reserved 1136640K
  class space    used 12518K, capacity 13018K, committed 14284K, reserved 1048576K
}
Event: 53851.449 GC heap before
{Heap before GC invocations=768 (full 157):
 garbage-first heap   total 254976K, used 133121K [0x0000000740000000, 0x0000000800000000)
  region size 1024K, 5 young (5120K), 2 survivors (2048K)
 Metaspace       used 95830K, capacity 97028K, committed 100380K, reserved 1136640K
  class space    used 12518K, capacity 13018K, committed 14284K, reserved 1048576K
}
Event: 53851.451 GC heap after
{Heap after GC invocations=769 (full 157):
 garbage-first heap   total 254976K, used 130926K [0x0000000740000000, 0x0000000800000000)
  region size 1024K, 2 young (2048K), 2 survivors (2048K)
 Metaspace       used 95830K, capacity 97028K, committed 100380K, reserved 1136640K
  class space    used 12518K, capacity 13018K, committed 14284K, reserved 1048576K
}
Event: 53852.515 GC heap before
{Heap before GC invocations=770 (full 157):
 garbage-first heap   total 254976K, used 135022K [0x0000000740000000, 0x0000000800000000)
  region size 1024K, 7 young (7168K), 2 survivors (2048K)
 Metaspace       used 95830K, capacity 97028K, committed 100380K, reserved 1136640K
  class space    used 12518K, capacity 13018K, committed 14284K, reserved 1048576K
}
Event: 53852.518 GC heap after
{Heap after GC invocations=771 (full 157):
 garbage-first heap   total 254976K, used 118575K [0x0000000740000000, 0x0000000800000000)
  region size 1024K, 2 young (2048K), 2 survivors (2048K)
 Metaspace       used 95830K, capacity 97028K, committed 100380K, reserved 1136640K
  class space    used 12518K, capacity 13018K, committed 14284K, reserved 1048576K
}
Event: 53867.024 GC heap before
{Heap before GC invocations=772 (full 157):
 garbage-first heap   total 254976K, used 190255K [0x0000000740000000, 0x0000000800000000)
  region size 1024K, 60 young (61440K), 2 survivors (2048K)
 Metaspace       used 95834K, capacity 97028K, committed 100380K, reserved 1136640K
  class space    used 12519K, capacity 13018K, committed 14284K, reserved 1048576K
}
Event: 53867.029 GC heap after
{Heap after GC invocations=773 (full 157):
 garbage-first heap   total 254976K, used 131262K [0x0000000740000000, 0x0000000800000000)
  region size 1024K, 2 young (2048K), 2 survivors (2048K)
 Metaspace       used 95834K, capacity 97028K, committed 100380K, reserved 1136640K
  class space    used 12519K, capacity 13018K, committed 14284K, reserved 1048576K
}

