# JRE version: OpenJDK Runtime Environment (11.0.2+9) (build 11.0.2+9)
# Java VM: OpenJDK 64-Bit Server VM (11.0.2+9, mixed mode, tiered, compressed oops, g1 gc, windows-amd64)
Heap:
 garbage-first heap   total 500736K, used 255316K [0x0000000740000000, 0x0000000800000000)
  region size 1024K, 51 young (52224K), 3 survivors (3072K)
 Metaspace       used 122043K, capacity 123845K, committed 126620K, reserved 1157120K
  class space    used 16495K, capacity 17256K, committed 18252K, reserved 1048576K
GC Heap History (10 events):
Event: 139758.685 GC heap before
{Heap before GC invocations=2455 (full 213):
 garbage-first heap   total 500736K, used 265971K [0x0000000740000000, 0x0000000800000000)
  region size 1024K, 61 young (62464K), 0 survivors (0K)
 Metaspace       used 122019K, capacity 123813K, committed 126620K, reserved 1157120K
  class space    used 16482K, capacity 17224K, committed 18252K, reserved 1048576K
}
Event: 139758.687 GC heap after
{Heap after GC invocations=2456 (full 213):
 garbage-first heap   total 500736K, used 205272K [0x0000000740000000, 0x0000000800000000)
  region size 1024K, 1 young (1024K), 1 survivors (1024K)
 Metaspace       used 122019K, capacity 123813K, committed 126620K, reserved 1157120K
  class space    used 16482K, capacity 17224K, committed 18252K, reserved 1048576K
}
Event: 139760.611 GC heap before
{Heap before GC invocations=2456 (full 213):
 garbage-first heap   total 500736K, used 265688K [0x0000000740000000, 0x0000000800000000)
  region size 1024K, 60 young (61440K), 1 survivors (1024K)
 Metaspace       used 122019K, capacity 123813K, committed 126620K, reserved 1157120K
  class space    used 16482K, capacity 17224K, committed 18252K, reserved 1048576K
}
Event: 139760.613 GC heap after
{Heap after GC invocations=2457 (full 213):
 garbage-first heap   total 500736K, used 205270K [0x0000000740000000, 0x0000000800000000)
  region size 1024K, 1 young (1024K), 1 survivors (1024K)
 Metaspace       used 122019K, capacity 123813K, committed 126620K, reserved 1157120K
  class space    used 16482K, capacity 17224K, committed 18252K, reserved 1048576K
}
Event: 139762.332 GC heap before
{Heap before GC invocations=2457 (full 213):
 garbage-first heap   total 500736K, used 265686K [0x0000000740000000, 0x0000000800000000)
  region size 1024K, 60 young (61440K), 1 survivors (1024K)
 Metaspace       used 122022K, capacity 123813K, committed 126620K, reserved 1157120K
  class space    used 16482K, capacity 17224K, committed 18252K, reserved 1048576K
}
Event: 139762.334 GC heap after
{Heap after GC invocations=2458 (full 213):
 garbage-first heap   total 500736K, used 205555K [0x0000000740000000, 0x0000000800000000)
  region size 1024K, 1 young (1024K), 1 survivors (1024K)
 Metaspace       used 122022K, capacity 123813K, committed 126620K, reserved 1157120K
  class space    used 16482K, capacity 17224K, committed 18252K, reserved 1048576K
}
Event: 139763.994 GC heap before
{Heap before GC invocations=2458 (full 213):
 garbage-first heap   total 500736K, used 264947K [0x0000000740000000, 0x0000000800000000)
  region size 1024K, 60 young (61440K), 1 survivors (1024K)
 Metaspace       used 122023K, capacity 123813K, committed 126620K, reserved 1157120K
  class space    used 16482K, capacity 17224K, committed 18252K, reserved 1048576K
}
Event: 139763.997 GC heap after
{Heap after GC invocations=2459 (full 213):
 garbage-first heap   total 500736K, used 205530K [0x0000000740000000, 0x0000000800000000)
  region size 1024K, 1 young (1024K), 1 survivors (1024K)
 Metaspace       used 122023K, capacity 123813K, committed 126620K, reserved 1157120K
  class space    used 16482K, capacity 17224K, committed 18252K, reserved 1048576K
}
Event: 139770.325 GC heap before
{Heap before GC invocations=2459 (full 213):
 garbage-first heap   total 500736K, used 265946K [0x0000000740000000, 0x0000000800000000)
  region size 1024K, 60 young (61440K), 1 survivors (1024K)
 Metaspace       used 122043K, capacity 123845K, committed 126620K, reserved 1157120K
  class space    used 16495K, capacity 17256K, committed 18252K, reserved 1048576K
}
Event: 139770.329 GC heap after
{Heap after GC invocations=2460 (full 213):
 garbage-first heap   total 500736K, used 207188K [0x0000000740000000, 0x0000000800000000)
  region size 1024K, 3 young (3072K), 3 survivors (3072K)
 Metaspace       used 122043K, capacity 123845K, committed 126620K, reserved 1157120K
  class space    used 16495K, capacity 17256K, committed 18252K, reserved 1048576K
}

