# JRE version: OpenJDK Runtime Environment (11.0.2+9) (build 11.0.2+9)
# Java VM: OpenJDK 64-Bit Server VM (11.0.2+9, mixed mode, tiered, compressed oops, g1 gc, windows-amd64)
Heap:
 garbage-first heap   total 330752K, used 143626K [0x0000000740000000, 0x0000000800000000)
  region size 1024K, 10 young (10240K), 2 survivors (2048K)
 Metaspace       used 112371K, capacity 113521K, committed 118300K, reserved 1150976K
  class space    used 15450K, capacity 15913K, committed 17612K, reserved 1048576K
GC Heap History (10 events):
Event: 16391.244 GC heap before
{Heap before GC invocations=948 (full 264):
 garbage-first heap   total 330752K, used 203358K [0x0000000740000000, 0x0000000800000000)
  region size 1024K, 60 young (61440K), 3 survivors (3072K)
 Metaspace       used 112368K, capacity 113521K, committed 118300K, reserved 1150976K
  class space    used 15450K, capacity 15913K, committed 17612K, reserved 1048576K
}
Event: 16391.247 GC heap after
{Heap after GC invocations=949 (full 264):
 garbage-first heap   total 330752K, used 145024K [0x0000000740000000, 0x0000000800000000)
  region size 1024K, 3 young (3072K), 3 survivors (3072K)
 Metaspace       used 112368K, capacity 113521K, committed 118300K, reserved 1150976K
  class space    used 15450K, capacity 15913K, committed 17612K, reserved 1048576K
}
Event: 16395.239 GC heap before
{Heap before GC invocations=949 (full 264):
 garbage-first heap   total 330752K, used 173696K [0x0000000740000000, 0x0000000800000000)
  region size 1024K, 25 young (25600K), 3 survivors (3072K)
 Metaspace       used 112368K, capacity 113521K, committed 118300K, reserved 1150976K
  class space    used 15450K, capacity 15913K, committed 17612K, reserved 1048576K
}
Event: 16395.342 GC heap after
{Heap after GC invocations=950 (full 265):
 garbage-first heap   total 330752K, used 135276K [0x0000000740000000, 0x0000000800000000)
  region size 1024K, 0 young (0K), 0 survivors (0K)
 Metaspace       used 112368K, capacity 113521K, committed 118300K, reserved 1150976K
  class space    used 15450K, capacity 15913K, committed 17612K, reserved 1048576K
}
Event: 16418.916 GC heap before
{Heap before GC invocations=950 (full 265):
 garbage-first heap   total 330752K, used 196716K [0x0000000740000000, 0x0000000800000000)
  region size 1024K, 60 young (61440K), 0 survivors (0K)
 Metaspace       used 112368K, capacity 113521K, committed 118300K, reserved 1150976K
  class space    used 15450K, capacity 15913K, committed 17612K, reserved 1048576K
}
Event: 16418.919 GC heap after
{Heap after GC invocations=951 (full 265):
 garbage-first heap   total 330752K, used 136679K [0x0000000740000000, 0x0000000800000000)
  region size 1024K, 2 young (2048K), 2 survivors (2048K)
 Metaspace       used 112368K, capacity 113521K, committed 118300K, reserved 1150976K
  class space    used 15450K, capacity 15913K, committed 17612K, reserved 1048576K
}
Event: 16464.954 GC heap before
{Heap before GC invocations=951 (full 265):
 garbage-first heap   total 330752K, used 196071K [0x0000000740000000, 0x0000000800000000)
  region size 1024K, 60 young (61440K), 2 survivors (2048K)
 Metaspace       used 112368K, capacity 113521K, committed 118300K, reserved 1150976K
  class space    used 15450K, capacity 15913K, committed 17612K, reserved 1048576K
}
Event: 16464.957 GC heap after
{Heap after GC invocations=952 (full 265):
 garbage-first heap   total 330752K, used 136335K [0x0000000740000000, 0x0000000800000000)
  region size 1024K, 2 young (2048K), 2 survivors (2048K)
 Metaspace       used 112368K, capacity 113521K, committed 118300K, reserved 1150976K
  class space    used 15450K, capacity 15913K, committed 17612K, reserved 1048576K
}
Event: 16484.754 GC heap before
{Heap before GC invocations=952 (full 265):
 garbage-first heap   total 330752K, used 195727K [0x0000000740000000, 0x0000000800000000)
  region size 1024K, 60 young (61440K), 2 survivors (2048K)
 Metaspace       used 112371K, capacity 113521K, committed 118300K, reserved 1150976K
  class space    used 15450K, capacity 15913K, committed 17612K, reserved 1048576K
}
Event: 16484.756 GC heap after
{Heap after GC invocations=953 (full 265):
 garbage-first heap   total 330752K, used 136458K [0x0000000740000000, 0x0000000800000000)
  region size 1024K, 2 young (2048K), 2 survivors (2048K)
 Metaspace       used 112371K, capacity 113521K, committed 118300K, reserved 1150976K
  class space    used 15450K, capacity 15913K, committed 17612K, reserved 1048576K
}

